<?xml version="1.0" encoding="UTF-8"?>
<!-- Generated by org.testng.reporters.JUnitReportReporter -->
<testsuite hostname="DESKTOP-4JNJS39" failures="0" tests="1" name="TestNGPack.TestNGClass2" time="0.003" errors="0" timestamp="2023-02-04T01:05:00 IST" skipped="0">
  <testcase classname="TestNGPack.TestNGClass2" name="test" time="0.003"/>
  <system-out/>
</testsuite> <!-- TestNGPack.TestNGClass2 -->
